<?xml version="1.0" encoding="UTF-8" ?>
<testsuite tests="11" failures="0" name="pods.cabs.AkkaPrivateTestCases" time="17.096" errors="0" skipped="0">
  <properties>
[...]
</properties>
  <testcase classname="pods.cabs.AkkaPrivateTestCases" name="testCase0" time="0.065"/>
  <testcase classname="pods.cabs.AkkaPrivateTestCases" name="testCase1" time="2.125"/>
  <testcase classname="pods.cabs.AkkaPrivateTestCases" name="testCase2" time="1.091"/>
  <testcase classname="pods.cabs.AkkaPrivateTestCases" name="testCase3" time="0.061"/>
  <testcase classname="pods.cabs.AkkaPrivateTestCases" name="testCase4" time="1.032"/>
  <testcase classname="pods.cabs.AkkaPrivateTestCases" name="testCase5" time="10.113"/>
  <testcase classname="pods.cabs.AkkaPrivateTestCases" name="testCase6" time="1.063"/>
  <testcase classname="pods.cabs.AkkaPrivateTestCases" name="testCase7" time="0.058"/>
  <testcase classname="pods.cabs.AkkaPrivateTestCases" name="testCase8" time="0.018"/>
  <testcase classname="pods.cabs.AkkaPrivateTestCases" name="testCase9" time="0.776"/>
  <testcase classname="pods.cabs.AkkaPrivateTestCases" name="testCase10" time="0.694"/>
</testsuite>